<?xml version="1.0" encoding="UTF-8"?>
<!-- Generated by org.testng.reporters.JUnitReportReporter -->
<testsuite name="testngFiles.Annotation" tests="2" time="0.002" ignored="0" failures="0" timestamp="10 Jan 2017 15:26:31 GMT" skipped="0" hostname="LAPTOP-CIE19F86" errors="0">
  <testcase name="AopeningBrowser" time="0.001" classname="testngFiles.Annotation"/>
  <testcase name="FlightBooking" time="0.001" classname="testngFiles.Annotation"/>
</testsuite> <!-- testngFiles.Annotation -->
