<?xml version="1.0" encoding="UTF-8"?>
<!-- Generated by org.testng.reporters.JUnitReportReporter -->
<testsuite name="testngFiles.DependencyAnotations" tests="2" time="0.011" ignored="1" failures="0" timestamp="09 Jan 2017 21:07:09 GMT" skipped="0" hostname="LAPTOP-CIE19F86" errors="0">
  <testcase name="FlightBooking" time="0.002" classname="testngFiles.DependencyAnotations"/>
  <testcase name="openingBrowser" time="0.009" classname="testngFiles.DependencyAnotations"/>
  <testcase name="payment" classname="testngFiles.DependencyAnotations">
    <skipped/>
  </testcase> <!-- payment -->
</testsuite> <!-- testngFiles.DependencyAnotations -->
