<?xml version="1.0" encoding="UTF-8"?>
<!-- Generated by org.testng.reporters.JUnitReportReporter -->
<testsuite name="DataDriven.Annotation" tests="3" time="0.011" ignored="0" failures="0" timestamp="12 Jan 2017 16:11:22 GMT" skipped="0" hostname="LAPTOP-CIE19F86" errors="0">
  <testcase name="UserId" time="0.001" classname="DataDriven.Annotation"/>
  <testcase name="UserId" time="0.002" classname="DataDriven.Annotation"/>
  <testcase name="UserId" time="0.008" classname="DataDriven.Annotation"/>
</testsuite> <!-- DataDriven.Annotation -->
